2024-05-06 08:17:53 startup archives unpack
2024-05-06 08:18:06 upgrade cpio:amd64 2.13+dfsg-7 2.13+dfsg-7ubuntu0.1
2024-05-06 08:18:06 status half-configured cpio:amd64 2.13+dfsg-7
2024-05-06 08:18:06 status unpacked cpio:amd64 2.13+dfsg-7
2024-05-06 08:18:06 status half-installed cpio:amd64 2.13+dfsg-7
2024-05-06 08:18:06 status triggers-pending man-db:amd64 2.10.2-1
2024-05-06 08:18:06 status unpacked cpio:amd64 2.13+dfsg-7ubuntu0.1
2024-05-06 08:18:07 startup packages configure
2024-05-06 08:18:07 configure cpio:amd64 2.13+dfsg-7ubuntu0.1 <none>
2024-05-06 08:18:07 status unpacked cpio:amd64 2.13+dfsg-7ubuntu0.1
2024-05-06 08:18:07 status half-configured cpio:amd64 2.13+dfsg-7ubuntu0.1
2024-05-06 08:18:07 status installed cpio:amd64 2.13+dfsg-7ubuntu0.1
2024-05-06 08:18:07 trigproc man-db:amd64 2.10.2-1 <none>
2024-05-06 08:18:07 status half-configured man-db:amd64 2.10.2-1
2024-05-06 08:18:08 status installed man-db:amd64 2.10.2-1
2024-05-06 08:18:17 startup archives unpack
2024-05-06 08:18:18 upgrade less:amd64 590-1ubuntu0.22.04.2 590-1ubuntu0.22.04.3
2024-05-06 08:18:18 status half-configured less:amd64 590-1ubuntu0.22.04.2
2024-05-06 08:18:18 status unpacked less:amd64 590-1ubuntu0.22.04.2
2024-05-06 08:18:18 status half-installed less:amd64 590-1ubuntu0.22.04.2
2024-05-06 08:18:18 status triggers-pending man-db:amd64 2.10.2-1
2024-05-06 08:18:18 status unpacked less:amd64 590-1ubuntu0.22.04.3
2024-05-06 08:18:18 startup packages configure
2024-05-06 08:18:18 configure less:amd64 590-1ubuntu0.22.04.3 <none>
2024-05-06 08:18:18 status unpacked less:amd64 590-1ubuntu0.22.04.3
2024-05-06 08:18:18 status half-configured less:amd64 590-1ubuntu0.22.04.3
2024-05-06 08:18:18 status installed less:amd64 590-1ubuntu0.22.04.3
2024-05-06 08:18:18 trigproc man-db:amd64 2.10.2-1 <none>
2024-05-06 08:18:18 status half-configured man-db:amd64 2.10.2-1
2024-05-06 08:18:18 status installed man-db:amd64 2.10.2-1
2024-05-06 08:18:23 startup archives unpack
2024-05-06 08:18:23 upgrade libnghttp2-14:amd64 1.43.0-1ubuntu0.1 1.43.0-1ubuntu0.2
2024-05-06 08:18:23 status triggers-pending libc-bin:amd64 2.35-0ubuntu3.7
2024-05-06 08:18:23 status half-configured libnghttp2-14:amd64 1.43.0-1ubuntu0.1
2024-05-06 08:18:23 status unpacked libnghttp2-14:amd64 1.43.0-1ubuntu0.1
2024-05-06 08:18:23 status half-installed libnghttp2-14:amd64 1.43.0-1ubuntu0.1
2024-05-06 08:18:23 status unpacked libnghttp2-14:amd64 1.43.0-1ubuntu0.2
2024-05-06 08:18:23 startup packages configure
2024-05-06 08:18:23 configure libnghttp2-14:amd64 1.43.0-1ubuntu0.2 <none>
2024-05-06 08:18:23 status unpacked libnghttp2-14:amd64 1.43.0-1ubuntu0.2
2024-05-06 08:18:23 status half-configured libnghttp2-14:amd64 1.43.0-1ubuntu0.2
2024-05-06 08:18:23 status installed libnghttp2-14:amd64 1.43.0-1ubuntu0.2
2024-05-06 08:18:23 trigproc libc-bin:amd64 2.35-0ubuntu3.7 <none>
2024-05-06 08:18:23 status half-configured libc-bin:amd64 2.35-0ubuntu3.7
2024-05-06 08:18:23 status installed libc-bin:amd64 2.35-0ubuntu3.7
2024-05-11 14:55:36 startup archives unpack
2024-05-11 14:55:50 upgrade libglib2.0-data:all 2.72.4-0ubuntu2.2 2.72.4-0ubuntu2.3
2024-05-11 14:55:50 status half-configured libglib2.0-data:all 2.72.4-0ubuntu2.2
2024-05-11 14:55:50 status unpacked libglib2.0-data:all 2.72.4-0ubuntu2.2
2024-05-11 14:55:50 status half-installed libglib2.0-data:all 2.72.4-0ubuntu2.2
2024-05-11 14:55:50 status unpacked libglib2.0-data:all 2.72.4-0ubuntu2.3
2024-05-11 14:55:51 startup packages configure
2024-05-11 14:55:51 configure libglib2.0-data:all 2.72.4-0ubuntu2.3 <none>
2024-05-11 14:55:51 status unpacked libglib2.0-data:all 2.72.4-0ubuntu2.3
2024-05-11 14:55:51 status half-configured libglib2.0-data:all 2.72.4-0ubuntu2.3
2024-05-11 14:55:51 status installed libglib2.0-data:all 2.72.4-0ubuntu2.3
2024-05-11 14:56:01 startup archives unpack
2024-05-11 14:56:01 upgrade linux-libc-dev:amd64 5.15.0-105.115 5.15.0-106.116
2024-05-11 14:56:01 status half-configured linux-libc-dev:amd64 5.15.0-105.115
2024-05-11 14:56:01 status unpacked linux-libc-dev:amd64 5.15.0-105.115
2024-05-11 14:56:01 status half-installed linux-libc-dev:amd64 5.15.0-105.115
2024-05-11 14:56:03 status unpacked linux-libc-dev:amd64 5.15.0-106.116
2024-05-11 14:56:03 startup packages configure
2024-05-11 14:56:03 configure linux-libc-dev:amd64 5.15.0-106.116 <none>
2024-05-11 14:56:03 status unpacked linux-libc-dev:amd64 5.15.0-106.116
2024-05-11 14:56:03 status half-configured linux-libc-dev:amd64 5.15.0-106.116
2024-05-11 14:56:03 status installed linux-libc-dev:amd64 5.15.0-106.116
2024-05-11 14:56:08 startup archives unpack
2024-05-11 14:56:08 upgrade distro-info-data:all 0.52ubuntu0.6 0.52ubuntu0.7
2024-05-11 14:56:08 status half-configured distro-info-data:all 0.52ubuntu0.6
2024-05-11 14:56:08 status unpacked distro-info-data:all 0.52ubuntu0.6
2024-05-11 14:56:08 status half-installed distro-info-data:all 0.52ubuntu0.6
2024-05-11 14:56:08 status unpacked distro-info-data:all 0.52ubuntu0.7
2024-05-11 14:56:09 startup packages configure
2024-05-11 14:56:09 configure distro-info-data:all 0.52ubuntu0.7 <none>
2024-05-11 14:56:09 status unpacked distro-info-data:all 0.52ubuntu0.7
2024-05-11 14:56:09 status half-configured distro-info-data:all 0.52ubuntu0.7
2024-05-11 14:56:09 status installed distro-info-data:all 0.52ubuntu0.7
2024-05-11 14:56:13 startup archives unpack
2024-05-11 14:56:13 upgrade libglib2.0-bin:amd64 2.72.4-0ubuntu2.2 2.72.4-0ubuntu2.3
2024-05-11 14:56:13 status half-configured libglib2.0-bin:amd64 2.72.4-0ubuntu2.2
2024-05-11 14:56:13 status unpacked libglib2.0-bin:amd64 2.72.4-0ubuntu2.2
2024-05-11 14:56:13 status half-installed libglib2.0-bin:amd64 2.72.4-0ubuntu2.2
2024-05-11 14:56:13 status triggers-pending man-db:amd64 2.10.2-1
2024-05-11 14:56:13 status unpacked libglib2.0-bin:amd64 2.72.4-0ubuntu2.3
2024-05-11 14:56:13 upgrade libglib2.0-0:amd64 2.72.4-0ubuntu2.2 2.72.4-0ubuntu2.3
2024-05-11 14:56:14 status triggers-pending libc-bin:amd64 2.35-0ubuntu3.7
2024-05-11 14:56:14 status half-configured libglib2.0-0:amd64 2.72.4-0ubuntu2.2
2024-05-11 14:56:14 status unpacked libglib2.0-0:amd64 2.72.4-0ubuntu2.2
2024-05-11 14:56:14 status half-installed libglib2.0-0:amd64 2.72.4-0ubuntu2.2
2024-05-11 14:56:14 status unpacked libglib2.0-0:amd64 2.72.4-0ubuntu2.3
2024-05-11 14:56:14 startup packages configure
2024-05-11 14:56:14 configure libglib2.0-0:amd64 2.72.4-0ubuntu2.3 <none>
2024-05-11 14:56:14 status unpacked libglib2.0-0:amd64 2.72.4-0ubuntu2.3
2024-05-11 14:56:14 status half-configured libglib2.0-0:amd64 2.72.4-0ubuntu2.3
2024-05-11 14:56:14 status installed libglib2.0-0:amd64 2.72.4-0ubuntu2.3
2024-05-11 14:56:14 configure libglib2.0-bin:amd64 2.72.4-0ubuntu2.3 <none>
2024-05-11 14:56:14 status unpacked libglib2.0-bin:amd64 2.72.4-0ubuntu2.3
2024-05-11 14:56:14 status half-configured libglib2.0-bin:amd64 2.72.4-0ubuntu2.3
2024-05-11 14:56:14 status installed libglib2.0-bin:amd64 2.72.4-0ubuntu2.3
2024-05-11 14:56:14 trigproc libc-bin:amd64 2.35-0ubuntu3.7 <none>
2024-05-11 14:56:14 status half-configured libc-bin:amd64 2.35-0ubuntu3.7
2024-05-11 14:56:15 status installed libc-bin:amd64 2.35-0ubuntu3.7
2024-05-11 14:56:15 trigproc man-db:amd64 2.10.2-1 <none>
2024-05-11 14:56:15 status half-configured man-db:amd64 2.10.2-1
2024-05-11 14:56:16 status installed man-db:amd64 2.10.2-1
2024-05-28 11:53:21 startup archives unpack
2024-05-28 11:53:33 upgrade linux-libc-dev:amd64 5.15.0-106.116 5.15.0-107.117
2024-05-28 11:53:33 status half-configured linux-libc-dev:amd64 5.15.0-106.116
2024-05-28 11:53:33 status unpacked linux-libc-dev:amd64 5.15.0-106.116
2024-05-28 11:53:33 status half-installed linux-libc-dev:amd64 5.15.0-106.116
2024-05-28 11:53:35 status unpacked linux-libc-dev:amd64 5.15.0-107.117
2024-05-28 11:53:35 startup packages configure
2024-05-28 11:53:35 configure linux-libc-dev:amd64 5.15.0-107.117 <none>
2024-05-28 11:53:35 status unpacked linux-libc-dev:amd64 5.15.0-107.117
2024-05-28 11:53:35 status half-configured linux-libc-dev:amd64 5.15.0-107.117
2024-05-28 11:53:35 status installed linux-libc-dev:amd64 5.15.0-107.117
2024-05-28 11:53:42 startup archives unpack
2024-05-28 11:53:42 install linux-modules-6.5.0-1020-aws:amd64 <none> 6.5.0-1020.20~22.04.1
2024-05-28 11:53:42 status half-installed linux-modules-6.5.0-1020-aws:amd64 6.5.0-1020.20~22.04.1
2024-05-28 11:53:47 status unpacked linux-modules-6.5.0-1020-aws:amd64 6.5.0-1020.20~22.04.1
2024-05-28 11:53:47 install linux-image-6.5.0-1020-aws:amd64 <none> 6.5.0-1020.20~22.04.1
2024-05-28 11:53:47 status half-installed linux-image-6.5.0-1020-aws:amd64 6.5.0-1020.20~22.04.1
2024-05-28 11:53:48 status unpacked linux-image-6.5.0-1020-aws:amd64 6.5.0-1020.20~22.04.1
2024-05-28 11:53:48 upgrade linux-aws:amd64 6.5.0.1018.18~22.04.1 6.5.0.1020.20~22.04.1
2024-05-28 11:53:48 status half-configured linux-aws:amd64 6.5.0.1018.18~22.04.1
2024-05-28 11:53:48 status unpacked linux-aws:amd64 6.5.0.1018.18~22.04.1
2024-05-28 11:53:48 status half-installed linux-aws:amd64 6.5.0.1018.18~22.04.1
2024-05-28 11:53:48 status unpacked linux-aws:amd64 6.5.0.1020.20~22.04.1
2024-05-28 11:53:48 upgrade linux-image-aws:amd64 6.5.0.1018.18~22.04.1 6.5.0.1020.20~22.04.1
2024-05-28 11:53:48 status half-configured linux-image-aws:amd64 6.5.0.1018.18~22.04.1
2024-05-28 11:53:48 status unpacked linux-image-aws:amd64 6.5.0.1018.18~22.04.1
2024-05-28 11:53:48 status half-installed linux-image-aws:amd64 6.5.0.1018.18~22.04.1
2024-05-28 11:53:48 status unpacked linux-image-aws:amd64 6.5.0.1020.20~22.04.1
2024-05-28 11:53:49 install linux-aws-6.5-headers-6.5.0-1020:all <none> 6.5.0-1020.20~22.04.1
2024-05-28 11:53:49 status half-installed linux-aws-6.5-headers-6.5.0-1020:all 6.5.0-1020.20~22.04.1
2024-05-28 11:54:11 status unpacked linux-aws-6.5-headers-6.5.0-1020:all 6.5.0-1020.20~22.04.1
2024-05-28 11:54:11 install linux-headers-6.5.0-1020-aws:amd64 <none> 6.5.0-1020.20~22.04.1
2024-05-28 11:54:11 status half-installed linux-headers-6.5.0-1020-aws:amd64 6.5.0-1020.20~22.04.1
2024-05-28 11:54:13 status unpacked linux-headers-6.5.0-1020-aws:amd64 6.5.0-1020.20~22.04.1
2024-05-28 11:54:13 upgrade linux-headers-aws:amd64 6.5.0.1018.18~22.04.1 6.5.0.1020.20~22.04.1
2024-05-28 11:54:13 status half-configured linux-headers-aws:amd64 6.5.0.1018.18~22.04.1
2024-05-28 11:54:13 status unpacked linux-headers-aws:amd64 6.5.0.1018.18~22.04.1
2024-05-28 11:54:13 status half-installed linux-headers-aws:amd64 6.5.0.1018.18~22.04.1
2024-05-28 11:54:14 status unpacked linux-headers-aws:amd64 6.5.0.1020.20~22.04.1
2024-05-28 11:54:14 startup packages configure
2024-05-28 11:54:14 configure linux-aws-6.5-headers-6.5.0-1020:all 6.5.0-1020.20~22.04.1 <none>
2024-05-28 11:54:14 status unpacked linux-aws-6.5-headers-6.5.0-1020:all 6.5.0-1020.20~22.04.1
2024-05-28 11:54:14 status half-configured linux-aws-6.5-headers-6.5.0-1020:all 6.5.0-1020.20~22.04.1
2024-05-28 11:54:14 status installed linux-aws-6.5-headers-6.5.0-1020:all 6.5.0-1020.20~22.04.1
2024-05-28 11:54:14 configure linux-headers-6.5.0-1020-aws:amd64 6.5.0-1020.20~22.04.1 <none>
2024-05-28 11:54:14 status unpacked linux-headers-6.5.0-1020-aws:amd64 6.5.0-1020.20~22.04.1
2024-05-28 11:54:14 status half-configured linux-headers-6.5.0-1020-aws:amd64 6.5.0-1020.20~22.04.1
2024-05-28 11:54:14 status installed linux-headers-6.5.0-1020-aws:amd64 6.5.0-1020.20~22.04.1
2024-05-28 11:54:14 configure linux-headers-aws:amd64 6.5.0.1020.20~22.04.1 <none>
2024-05-28 11:54:14 status unpacked linux-headers-aws:amd64 6.5.0.1020.20~22.04.1
2024-05-28 11:54:14 status half-configured linux-headers-aws:amd64 6.5.0.1020.20~22.04.1
2024-05-28 11:54:14 status installed linux-headers-aws:amd64 6.5.0.1020.20~22.04.1
2024-05-28 11:54:14 configure linux-modules-6.5.0-1020-aws:amd64 6.5.0-1020.20~22.04.1 <none>
2024-05-28 11:54:14 status unpacked linux-modules-6.5.0-1020-aws:amd64 6.5.0-1020.20~22.04.1
2024-05-28 11:54:14 status half-configured linux-modules-6.5.0-1020-aws:amd64 6.5.0-1020.20~22.04.1
2024-05-28 11:54:15 status installed linux-modules-6.5.0-1020-aws:amd64 6.5.0-1020.20~22.04.1
2024-05-28 11:54:15 configure linux-image-6.5.0-1020-aws:amd64 6.5.0-1020.20~22.04.1 <none>
2024-05-28 11:54:15 status unpacked linux-image-6.5.0-1020-aws:amd64 6.5.0-1020.20~22.04.1
2024-05-28 11:54:15 status half-configured linux-image-6.5.0-1020-aws:amd64 6.5.0-1020.20~22.04.1
2024-05-28 11:54:16 status installed linux-image-6.5.0-1020-aws:amd64 6.5.0-1020.20~22.04.1
2024-05-28 11:54:16 status triggers-pending linux-image-6.5.0-1020-aws:amd64 6.5.0-1020.20~22.04.1
2024-05-28 11:54:16 configure linux-image-aws:amd64 6.5.0.1020.20~22.04.1 <none>
2024-05-28 11:54:16 status unpacked linux-image-aws:amd64 6.5.0.1020.20~22.04.1
2024-05-28 11:54:16 status half-configured linux-image-aws:amd64 6.5.0.1020.20~22.04.1
2024-05-28 11:54:16 status installed linux-image-aws:amd64 6.5.0.1020.20~22.04.1
2024-05-28 11:54:16 configure linux-aws:amd64 6.5.0.1020.20~22.04.1 <none>
2024-05-28 11:54:16 status unpacked linux-aws:amd64 6.5.0.1020.20~22.04.1
2024-05-28 11:54:16 status half-configured linux-aws:amd64 6.5.0.1020.20~22.04.1
2024-05-28 11:54:16 status installed linux-aws:amd64 6.5.0.1020.20~22.04.1
2024-05-28 11:54:16 trigproc linux-image-6.5.0-1020-aws:amd64 6.5.0-1020.20~22.04.1 <none>
2024-05-28 11:54:16 status half-configured linux-image-6.5.0-1020-aws:amd64 6.5.0-1020.20~22.04.1
2024-05-28 11:54:35 status installed linux-image-6.5.0-1020-aws:amd64 6.5.0-1020.20~22.04.1
2024-05-28 11:54:39 startup archives unpack
2024-05-28 11:54:40 upgrade python3-idna:all 3.3-1 3.3-1ubuntu0.1
2024-05-28 11:54:40 status half-configured python3-idna:all 3.3-1
2024-05-28 11:54:40 status unpacked python3-idna:all 3.3-1
2024-05-28 11:54:40 status half-installed python3-idna:all 3.3-1
2024-05-28 11:54:40 status unpacked python3-idna:all 3.3-1ubuntu0.1
2024-05-28 11:54:40 startup packages configure
2024-05-28 11:54:40 configure python3-idna:all 3.3-1ubuntu0.1 <none>
2024-05-28 11:54:40 status unpacked python3-idna:all 3.3-1ubuntu0.1
2024-05-28 11:54:40 status half-configured python3-idna:all 3.3-1ubuntu0.1
2024-05-28 11:54:41 status installed python3-idna:all 3.3-1ubuntu0.1
2024-05-28 11:54:46 startup packages remove
2024-05-28 11:54:46 status installed linux-headers-6.5.0-1016-aws:amd64 6.5.0-1016.16~22.04.1
2024-05-28 11:54:46 remove linux-headers-6.5.0-1016-aws:amd64 6.5.0-1016.16~22.04.1 <none>
2024-05-28 11:54:46 status half-configured linux-headers-6.5.0-1016-aws:amd64 6.5.0-1016.16~22.04.1
2024-05-28 11:54:46 status half-installed linux-headers-6.5.0-1016-aws:amd64 6.5.0-1016.16~22.04.1
2024-05-28 11:54:48 status config-files linux-headers-6.5.0-1016-aws:amd64 6.5.0-1016.16~22.04.1
2024-05-28 11:54:48 status not-installed linux-headers-6.5.0-1016-aws:amd64 <none>
2024-05-28 11:54:48 startup packages configure
2024-05-28 11:54:52 startup packages remove
2024-05-28 11:54:52 status installed linux-image-6.5.0-1016-aws:amd64 6.5.0-1016.16~22.04.1
2024-05-28 11:54:52 status installed linux-modules-6.5.0-1016-aws:amd64 6.5.0-1016.16~22.04.1
2024-05-28 11:54:52 remove linux-modules-6.5.0-1016-aws:amd64 6.5.0-1016.16~22.04.1 <none>
2024-05-28 11:54:52 status half-configured linux-modules-6.5.0-1016-aws:amd64 6.5.0-1016.16~22.04.1
2024-05-28 11:54:52 status half-installed linux-modules-6.5.0-1016-aws:amd64 6.5.0-1016.16~22.04.1
2024-05-28 11:54:53 status config-files linux-modules-6.5.0-1016-aws:amd64 6.5.0-1016.16~22.04.1
2024-05-28 11:54:53 remove linux-image-6.5.0-1016-aws:amd64 6.5.0-1016.16~22.04.1 <none>
2024-05-28 11:54:53 status half-configured linux-image-6.5.0-1016-aws:amd64 6.5.0-1016.16~22.04.1
2024-05-28 11:54:53 status half-installed linux-image-6.5.0-1016-aws:amd64 6.5.0-1016.16~22.04.1
2024-05-28 11:54:55 status config-files linux-image-6.5.0-1016-aws:amd64 6.5.0-1016.16~22.04.1
2024-05-28 11:54:55 startup packages configure
2024-05-28 11:54:59 startup packages remove
2024-05-28 11:54:59 status installed linux-aws-6.5-headers-6.5.0-1016:all 6.5.0-1016.16~22.04.1
2024-05-28 11:54:59 remove linux-aws-6.5-headers-6.5.0-1016:all 6.5.0-1016.16~22.04.1 <none>
2024-05-28 11:54:59 status half-configured linux-aws-6.5-headers-6.5.0-1016:all 6.5.0-1016.16~22.04.1
2024-05-28 11:54:59 status half-installed linux-aws-6.5-headers-6.5.0-1016:all 6.5.0-1016.16~22.04.1
2024-05-28 11:55:02 status config-files linux-aws-6.5-headers-6.5.0-1016:all 6.5.0-1016.16~22.04.1
2024-05-28 11:55:02 status not-installed linux-aws-6.5-headers-6.5.0-1016:all <none>
2024-05-28 11:55:02 startup packages configure
2024-05-29 06:13:10 startup archives unpack
2024-05-29 06:13:10 upgrade python3-jinja2:all 3.0.3-1ubuntu0.1 3.0.3-1ubuntu0.2
2024-05-29 06:13:10 status half-configured python3-jinja2:all 3.0.3-1ubuntu0.1
2024-05-29 06:13:10 status unpacked python3-jinja2:all 3.0.3-1ubuntu0.1
2024-05-29 06:13:10 status half-installed python3-jinja2:all 3.0.3-1ubuntu0.1
2024-05-29 06:13:10 status unpacked python3-jinja2:all 3.0.3-1ubuntu0.2
2024-05-29 06:13:10 startup packages configure
2024-05-29 06:13:10 configure python3-jinja2:all 3.0.3-1ubuntu0.2 <none>
2024-05-29 06:13:10 status unpacked python3-jinja2:all 3.0.3-1ubuntu0.2
2024-05-29 06:13:10 status half-configured python3-jinja2:all 3.0.3-1ubuntu0.2
2024-05-29 06:13:11 status installed python3-jinja2:all 3.0.3-1ubuntu0.2
2024-05-29 06:13:15 startup archives unpack
2024-05-29 06:13:15 upgrade git-man:all 1:2.34.1-1ubuntu1.10 1:2.34.1-1ubuntu1.11
2024-05-29 06:13:15 status half-configured git-man:all 1:2.34.1-1ubuntu1.10
2024-05-29 06:13:15 status unpacked git-man:all 1:2.34.1-1ubuntu1.10
2024-05-29 06:13:15 status half-installed git-man:all 1:2.34.1-1ubuntu1.10
2024-05-29 06:13:15 status triggers-pending man-db:amd64 2.10.2-1
2024-05-29 06:13:16 status unpacked git-man:all 1:2.34.1-1ubuntu1.11
2024-05-29 06:13:16 startup packages configure
2024-05-29 06:13:16 configure git-man:all 1:2.34.1-1ubuntu1.11 <none>
2024-05-29 06:13:16 status unpacked git-man:all 1:2.34.1-1ubuntu1.11
2024-05-29 06:13:16 status half-configured git-man:all 1:2.34.1-1ubuntu1.11
2024-05-29 06:13:16 status installed git-man:all 1:2.34.1-1ubuntu1.11
2024-05-29 06:13:16 trigproc man-db:amd64 2.10.2-1 <none>
2024-05-29 06:13:16 status half-configured man-db:amd64 2.10.2-1
2024-05-29 06:13:16 status installed man-db:amd64 2.10.2-1
2024-05-29 06:13:21 startup archives unpack
2024-05-29 06:13:21 upgrade git:amd64 1:2.34.1-1ubuntu1.10 1:2.34.1-1ubuntu1.11
2024-05-29 06:13:21 status half-configured git:amd64 1:2.34.1-1ubuntu1.10
2024-05-29 06:13:21 status unpacked git:amd64 1:2.34.1-1ubuntu1.10
2024-05-29 06:13:21 status half-installed git:amd64 1:2.34.1-1ubuntu1.10
2024-05-29 06:13:21 status unpacked git:amd64 1:2.34.1-1ubuntu1.11
2024-05-29 06:13:22 startup packages configure
2024-05-29 06:13:22 configure git:amd64 1:2.34.1-1ubuntu1.11 <none>
2024-05-29 06:13:22 status unpacked git:amd64 1:2.34.1-1ubuntu1.11
2024-05-29 06:13:22 status half-configured git:amd64 1:2.34.1-1ubuntu1.11
2024-05-29 06:13:22 status installed git:amd64 1:2.34.1-1ubuntu1.11
