["2024-05-05T22:15:32.501", "DEBUG", "ubuntupro.config", "parse_config", 633, "Using client configuration file at /etc/ubuntu-advantage/uaclient.conf", {}]
["2024-05-05T22:15:32.501", "DEBUG", "ubuntupro.system", "load_file", 517, "Reading file: /etc/ubuntu-advantage/uaclient.conf", {}]
["2024-05-05T22:15:32.503", "DEBUG", "ubuntupro.files.files", "read", 60, "Tried to load /var/lib/ubuntu-advantage/user-config.json but file does not exist", {}]
["2024-05-05T22:15:32.505", "DEBUG", "ubuntupro.system", "load_file", 517, "Reading file: /etc/os-release", {}]
["2024-05-05T22:15:32.542", "DEBUG", "ubuntupro.config", "parse_config", 633, "Using client configuration file at /etc/ubuntu-advantage/uaclient.conf", {}]
["2024-05-05T22:15:32.542", "DEBUG", "ubuntupro.system", "load_file", 517, "Reading file: /etc/ubuntu-advantage/uaclient.conf", {}]
["2024-05-05T22:15:32.543", "DEBUG", "ubuntupro.files.files", "read", 60, "Tried to load /var/lib/ubuntu-advantage/user-config.json but file does not exist", {}]
["2024-05-05T22:15:32.544", "DEBUG", "ubuntupro.files.files", "read", 60, "Tried to load /var/lib/ubuntu-advantage/private/machine-token.json but file does not exist", {}]
["2024-05-05T22:15:32.654", "DEBUG", "ubuntupro.system", "load_file", 517, "Reading file: /var/lib/ubuntu-advantage/status.json", {}]
["2024-05-05T22:15:32.674", "DEBUG", "ubuntupro.system", "load_file", 517, "Reading file: /run/ubuntu-advantage//aptnews.json", {}]
["2024-05-05T22:15:32.679", "DEBUG", "ubuntupro.apt_news", "select_message", 144, "msg dates don't apply: AptNewsMessage{'begin': datetime.datetime(2023, 10, 6, 0, 0, tzinfo=datetime.timezone.utc), 'end': None, 'selectors': None, 'lines': ['Canonical released microcode updates for both Intel (CVE-2022-40982) and AMD', '(CVE-2023-20593). \u2018Unattended upgrades\u2019 provide security updates by default.', 'Ensure it remains enabled to always get all updates as they become available.']}", {}]
["2024-05-05T22:15:32.680", "DEBUG", "ubuntupro.apt_news", "fetch_and_process_apt_news", 171, "using msg: None", {}]
["2024-05-05T22:15:32.680", "DEBUG", "ubuntupro.system", "ensure_file_absent", 578, "Tried to remove /var/lib/ubuntu-advantage/messages/apt-news but file does not exist", {}]
["2024-05-05T22:15:32.680", "DEBUG", "ubuntupro.system", "ensure_file_absent", 578, "Tried to remove /var/lib/ubuntu-advantage/messages/apt-news-raw but file does not exist", {}]
["2024-05-05T22:15:32.732", "DEBUG", "ubuntupro.files.files", "read", 60, "Tried to load /var/lib/ubuntu-advantage/private/machine-token.json but file does not exist", {}]
["2024-05-05T22:15:33.461", "DEBUG", "ubuntupro.apt", "done", 872, "Fetched ESM Apt Cache item: gpgv:/var/lib/ubuntu-advantage/apt-esm/var/lib/apt/lists/partial/esm.ubuntu.com_apps_ubuntu_dists_jammy-apps-security_InRelease", {}]
["2024-05-05T22:15:33.533", "DEBUG", "ubuntupro.apt", "done", 872, "Fetched ESM Apt Cache item: gpgv:/var/lib/ubuntu-advantage/apt-esm/var/lib/apt/lists/partial/esm.ubuntu.com_apps_ubuntu_dists_jammy-apps-updates_InRelease", {}]
["2024-05-05T22:15:33.580", "DEBUG", "ubuntupro.apt", "done", 872, "Fetched ESM Apt Cache item: gpgv:/var/lib/ubuntu-advantage/apt-esm/var/lib/apt/lists/partial/esm.ubuntu.com_apps_ubuntu_dists_jammy-apps-security_InRelease", {}]
["2024-05-05T22:15:33.710", "DEBUG", "ubuntupro.apt", "done", 872, "Fetched ESM Apt Cache item: gpgv:/var/lib/ubuntu-advantage/apt-esm/var/lib/apt/lists/partial/esm.ubuntu.com_apps_ubuntu_dists_jammy-apps-updates_InRelease", {}]
["2024-05-05T22:15:33.804", "DEBUG", "ubuntupro.apt", "done", 872, "Fetched ESM Apt Cache item: store:/var/lib/ubuntu-advantage/apt-esm/var/lib/apt/lists/partial/esm.ubuntu.com_apps_ubuntu_dists_jammy-apps-security_main_binary-amd64_Packages.gz", {}]
["2024-05-05T22:15:33.812", "DEBUG", "ubuntupro.apt", "done", 872, "Fetched ESM Apt Cache item: store:/var/lib/ubuntu-advantage/apt-esm/var/lib/apt/lists/partial/esm.ubuntu.com_apps_ubuntu_dists_jammy-apps-security_main_binary-amd64_Packages.gz", {}]
["2024-05-10T22:49:35.052", "DEBUG", "ubuntupro.config", "parse_config", 633, "Using client configuration file at /etc/ubuntu-advantage/uaclient.conf", {}]
["2024-05-10T22:49:35.058", "DEBUG", "ubuntupro.config", "parse_config", 633, "Using client configuration file at /etc/ubuntu-advantage/uaclient.conf", {}]
["2024-05-10T22:49:35.130", "DEBUG", "ubuntupro.system", "load_file", 517, "Reading file: /etc/ubuntu-advantage/uaclient.conf", {}]
["2024-05-10T22:49:35.130", "DEBUG", "ubuntupro.system", "load_file", 517, "Reading file: /etc/ubuntu-advantage/uaclient.conf", {}]
["2024-05-10T22:49:35.132", "DEBUG", "ubuntupro.files.files", "read", 60, "Tried to load /var/lib/ubuntu-advantage/user-config.json but file does not exist", {}]
["2024-05-10T22:49:35.132", "DEBUG", "ubuntupro.files.files", "read", 60, "Tried to load /var/lib/ubuntu-advantage/private/machine-token.json but file does not exist", {}]
["2024-05-10T22:49:35.135", "DEBUG", "ubuntupro.files.files", "read", 60, "Tried to load /var/lib/ubuntu-advantage/user-config.json but file does not exist", {}]
["2024-05-10T22:49:35.135", "DEBUG", "ubuntupro.system", "load_file", 517, "Reading file: /etc/os-release", {}]
["2024-05-10T22:49:35.321", "DEBUG", "ubuntupro.system", "load_file", 517, "Reading file: /var/lib/ubuntu-advantage/status.json", {}]
["2024-05-10T22:49:35.401", "DEBUG", "ubuntupro.files.files", "read", 60, "Tried to load /var/lib/ubuntu-advantage/private/machine-token.json but file does not exist", {}]
["2024-05-10T22:49:36.314", "DEBUG", "ubuntupro.apt", "done", 872, "Fetched ESM Apt Cache item: gpgv:/var/lib/ubuntu-advantage/apt-esm/var/lib/apt/lists/partial/esm.ubuntu.com_apps_ubuntu_dists_jammy-apps-security_InRelease", {}]
["2024-05-10T22:49:36.395", "DEBUG", "ubuntupro.apt", "done", 872, "Fetched ESM Apt Cache item: gpgv:/var/lib/ubuntu-advantage/apt-esm/var/lib/apt/lists/partial/esm.ubuntu.com_apps_ubuntu_dists_jammy-apps-updates_InRelease", {}]
["2024-05-10T22:49:36.435", "DEBUG", "ubuntupro.apt", "done", 872, "Fetched ESM Apt Cache item: gpgv:/var/lib/ubuntu-advantage/apt-esm/var/lib/apt/lists/partial/esm.ubuntu.com_apps_ubuntu_dists_jammy-apps-security_InRelease", {}]
["2024-05-10T22:49:36.571", "DEBUG", "ubuntupro.apt", "done", 872, "Fetched ESM Apt Cache item: gpgv:/var/lib/ubuntu-advantage/apt-esm/var/lib/apt/lists/partial/esm.ubuntu.com_apps_ubuntu_dists_jammy-apps-updates_InRelease", {}]
["2024-05-10T22:49:36.677", "DEBUG", "ubuntupro.apt", "done", 872, "Fetched ESM Apt Cache item: store:/var/lib/ubuntu-advantage/apt-esm/var/lib/apt/lists/partial/esm.ubuntu.com_apps_ubuntu_dists_jammy-apps-security_main_binary-amd64_Packages.gz", {}]
["2024-05-10T22:49:36.686", "DEBUG", "ubuntupro.apt", "done", 872, "Fetched ESM Apt Cache item: store:/var/lib/ubuntu-advantage/apt-esm/var/lib/apt/lists/partial/esm.ubuntu.com_apps_ubuntu_dists_jammy-apps-security_main_binary-amd64_Packages.gz", {}]
["2024-05-10T22:49:40.315", "DEBUG", "ubuntupro.system", "load_file", 517, "Reading file: /run/ubuntu-advantage//aptnews.json", {}]
["2024-05-10T22:49:40.319", "DEBUG", "ubuntupro.apt_news", "select_message", 144, "msg dates don't apply: AptNewsMessage{'begin': datetime.datetime(2023, 10, 6, 0, 0, tzinfo=datetime.timezone.utc), 'end': None, 'selectors': None, 'lines': ['Canonical released microcode updates for both Intel (CVE-2022-40982) and AMD', '(CVE-2023-20593). \u2018Unattended upgrades\u2019 provide security updates by default.', 'Ensure it remains enabled to always get all updates as they become available.']}", {}]
["2024-05-10T22:49:40.320", "DEBUG", "ubuntupro.apt_news", "fetch_and_process_apt_news", 171, "using msg: None", {}]
["2024-05-10T22:49:40.320", "DEBUG", "ubuntupro.system", "ensure_file_absent", 578, "Tried to remove /var/lib/ubuntu-advantage/messages/apt-news but file does not exist", {}]
["2024-05-10T22:49:40.320", "DEBUG", "ubuntupro.system", "ensure_file_absent", 578, "Tried to remove /var/lib/ubuntu-advantage/messages/apt-news-raw but file does not exist", {}]
["2024-05-28T11:34:37.863", "DEBUG", "ubuntupro.config", "parse_config", 633, "Using client configuration file at /etc/ubuntu-advantage/uaclient.conf", {}]
["2024-05-28T11:34:37.873", "DEBUG", "ubuntupro.config", "parse_config", 633, "Using client configuration file at /etc/ubuntu-advantage/uaclient.conf", {}]
["2024-05-28T11:34:37.948", "DEBUG", "ubuntupro.system", "load_file", 517, "Reading file: /etc/ubuntu-advantage/uaclient.conf", {}]
["2024-05-28T11:34:37.948", "DEBUG", "ubuntupro.system", "load_file", 517, "Reading file: /etc/ubuntu-advantage/uaclient.conf", {}]
["2024-05-28T11:34:37.950", "DEBUG", "ubuntupro.files.files", "read", 60, "Tried to load /var/lib/ubuntu-advantage/user-config.json but file does not exist", {}]
["2024-05-28T11:34:37.950", "DEBUG", "ubuntupro.files.files", "read", 60, "Tried to load /var/lib/ubuntu-advantage/user-config.json but file does not exist", {}]
["2024-05-28T11:34:37.951", "DEBUG", "ubuntupro.system", "load_file", 517, "Reading file: /etc/os-release", {}]
["2024-05-28T11:34:37.951", "DEBUG", "ubuntupro.files.files", "read", 60, "Tried to load /var/lib/ubuntu-advantage/private/machine-token.json but file does not exist", {}]
["2024-05-28T11:34:38.073", "DEBUG", "ubuntupro.system", "load_file", 517, "Reading file: /var/lib/ubuntu-advantage/status.json", {}]
["2024-05-28T11:34:38.166", "DEBUG", "ubuntupro.files.files", "read", 60, "Tried to load /var/lib/ubuntu-advantage/private/machine-token.json but file does not exist", {}]
["2024-05-28T11:34:38.685", "DEBUG", "ubuntupro.apt", "done", 872, "Fetched ESM Apt Cache item: gpgv:/var/lib/ubuntu-advantage/apt-esm/var/lib/apt/lists/partial/esm.ubuntu.com_apps_ubuntu_dists_jammy-apps-security_InRelease", {}]
["2024-05-28T11:34:38.686", "DEBUG", "ubuntupro.apt", "done", 872, "Fetched ESM Apt Cache item: gpgv:/var/lib/ubuntu-advantage/apt-esm/var/lib/apt/lists/partial/esm.ubuntu.com_apps_ubuntu_dists_jammy-apps-updates_InRelease", {}]
["2024-05-28T11:34:38.821", "DEBUG", "ubuntupro.apt", "done", 872, "Fetched ESM Apt Cache item: gpgv:/var/lib/ubuntu-advantage/apt-esm/var/lib/apt/lists/partial/esm.ubuntu.com_apps_ubuntu_dists_jammy-apps-security_InRelease", {}]
["2024-05-28T11:34:38.879", "DEBUG", "ubuntupro.apt", "done", 872, "Fetched ESM Apt Cache item: store:/var/lib/ubuntu-advantage/apt-esm/var/lib/apt/lists/partial/esm.ubuntu.com_apps_ubuntu_dists_jammy-apps-security_main_binary-amd64_Packages.gz", {}]
["2024-05-28T11:34:38.891", "DEBUG", "ubuntupro.apt", "done", 872, "Fetched ESM Apt Cache item: store:/var/lib/ubuntu-advantage/apt-esm/var/lib/apt/lists/partial/esm.ubuntu.com_apps_ubuntu_dists_jammy-apps-security_main_binary-amd64_Packages.gz", {}]
["2024-05-28T11:34:38.984", "DEBUG", "ubuntupro.apt", "done", 872, "Fetched ESM Apt Cache item: gpgv:/var/lib/ubuntu-advantage/apt-esm/var/lib/apt/lists/partial/esm.ubuntu.com_apps_ubuntu_dists_jammy-apps-updates_InRelease", {}]
["2024-05-28T11:35:08.172", "DEBUG", "ubuntupro.system", "load_file", 517, "Reading file: /run/ubuntu-advantage//aptnews.json", {}]
["2024-05-28T11:35:08.175", "DEBUG", "ubuntupro.apt_news", "select_message", 144, "msg dates don't apply: AptNewsMessage{'begin': datetime.datetime(2023, 10, 6, 0, 0, tzinfo=datetime.timezone.utc), 'end': None, 'selectors': None, 'lines': ['Canonical released microcode updates for both Intel (CVE-2022-40982) and AMD', '(CVE-2023-20593). \u2018Unattended upgrades\u2019 provide security updates by default.', 'Ensure it remains enabled to always get all updates as they become available.']}", {}]
["2024-05-28T11:35:08.176", "DEBUG", "ubuntupro.apt_news", "fetch_and_process_apt_news", 171, "using msg: None", {}]
["2024-05-28T11:35:08.176", "DEBUG", "ubuntupro.system", "ensure_file_absent", 578, "Tried to remove /var/lib/ubuntu-advantage/messages/apt-news but file does not exist", {}]
["2024-05-28T11:35:08.176", "DEBUG", "ubuntupro.system", "ensure_file_absent", 578, "Tried to remove /var/lib/ubuntu-advantage/messages/apt-news-raw but file does not exist", {}]
["2024-05-29T02:04:45.948", "DEBUG", "ubuntupro.config", "parse_config", 633, "Using client configuration file at /etc/ubuntu-advantage/uaclient.conf", {}]
["2024-05-29T02:04:45.949", "DEBUG", "ubuntupro.system", "load_file", 517, "Reading file: /etc/ubuntu-advantage/uaclient.conf", {}]
["2024-05-29T02:04:45.945", "DEBUG", "ubuntupro.config", "parse_config", 633, "Using client configuration file at /etc/ubuntu-advantage/uaclient.conf", {}]
["2024-05-29T02:04:45.949", "DEBUG", "ubuntupro.system", "load_file", 517, "Reading file: /etc/ubuntu-advantage/uaclient.conf", {}]
["2024-05-29T02:04:45.951", "DEBUG", "ubuntupro.files.files", "read", 60, "Tried to load /var/lib/ubuntu-advantage/user-config.json but file does not exist", {}]
["2024-05-29T02:04:45.960", "DEBUG", "ubuntupro.files.files", "read", 60, "Tried to load /var/lib/ubuntu-advantage/user-config.json but file does not exist", {}]
["2024-05-29T02:04:45.960", "DEBUG", "ubuntupro.system", "load_file", 517, "Reading file: /etc/os-release", {}]
["2024-05-29T02:04:46.025", "DEBUG", "ubuntupro.system", "load_file", 517, "Reading file: /var/lib/ubuntu-advantage/status.json", {}]
["2024-05-29T02:04:46.031", "DEBUG", "ubuntupro.files.files", "read", 60, "Tried to load /var/lib/ubuntu-advantage/private/machine-token.json but file does not exist", {}]
["2024-05-29T02:04:46.236", "DEBUG", "ubuntupro.apt", "done", 872, "Fetched ESM Apt Cache item: gpgv:/var/lib/ubuntu-advantage/apt-esm/var/lib/apt/lists/partial/esm.ubuntu.com_apps_ubuntu_dists_jammy-apps-security_InRelease", {}]
["2024-05-29T02:04:46.237", "DEBUG", "ubuntupro.apt", "done", 872, "Fetched ESM Apt Cache item: gpgv:/var/lib/ubuntu-advantage/apt-esm/var/lib/apt/lists/partial/esm.ubuntu.com_apps_ubuntu_dists_jammy-apps-updates_InRelease", {}]
["2024-05-29T02:04:46.374", "DEBUG", "ubuntupro.apt", "done", 872, "Fetched ESM Apt Cache item: gpgv:/var/lib/ubuntu-advantage/apt-esm/var/lib/apt/lists/partial/esm.ubuntu.com_apps_ubuntu_dists_jammy-apps-security_InRelease", {}]
["2024-05-29T02:04:46.505", "DEBUG", "ubuntupro.apt", "done", 872, "Fetched ESM Apt Cache item: gpgv:/var/lib/ubuntu-advantage/apt-esm/var/lib/apt/lists/partial/esm.ubuntu.com_apps_ubuntu_dists_jammy-apps-updates_InRelease", {}]
